model saved to - /Users/bashit.a/Documents/Alzheimer/Codes/ML/runs/model_2002_BEST_VLoss_0.35
Epoch 4002/10000 : Loss - training: 0.390970 validation: 0.353728 Validation Accuracy: 0.8389 ES: model is triggering after patience:2000, min_delta:0 Restoreing Epoch:2002, VLoss:0.35173606872558594
embedding dim is  90
model is in cuda ? False
==========================================================================================
Layer (type:depth-idx)                   Output Shape              Param #
==========================================================================================
├─OutputFeedForward: 1-1                 [-1, 2]                   --
|    └─Conv1d: 2-1                       [-1, 1, 88]               4
|    └─LeakyReLU: 2-2                    [-1, 1, 88]               --
|    └─Linear: 2-3                       [-1, 4]                   356
|    └─LeakyReLU: 2-4                    [-1, 4]                   --
|    └─Dropout: 2-5                      [-1, 4]                   --
|    └─Linear: 2-6                       [-1, 2]                   10
==========================================================================================
Total params: 370
Trainable params: 370
Non-trainable params: 0
Total mult-adds (M): 0.00
==========================================================================================
Input size (MB): 0.00
Forward/backward pass size (MB): 0.00
Params size (MB): 0.00
Estimated Total Size (MB): 0.00
==========================================================================================
training accuracy: 0.8293
validation accuracy: 0.8124
testing accuracy: 0.6978